<?xml version="1.0" encoding="UTF-8"?>
<coverage generated="1741281307786" clover="3.2.0">
  <project timestamp="1741281307786" name="All files">
    <metrics statements="107" coveredstatements="107" conditionals="53" coveredconditionals="53" methods="43" coveredmethods="43" elements="203" coveredelements="203" complexity="0" loc="107" ncloc="107" packages="10" files="10" classes="10"/>
    <package name="components.button">
      <metrics statements="5" coveredstatements="5" conditionals="3" coveredconditionals="3" methods="1" coveredmethods="1"/>
      <file name="index.tsx" path="/Users/fognir/GitHub/mindbox/src/components/button/index.tsx">
        <metrics statements="5" coveredstatements="5" conditionals="3" coveredconditionals="3" methods="1" coveredmethods="1"/>
        <line num="3" count="3" type="stmt"/>
        <line num="11" count="53" type="stmt"/>
        <line num="17" count="53" type="stmt"/>
        <line num="23" count="53" type="stmt"/>
        <line num="50" count="3" type="stmt"/>
      </file>
    </package>
    <package name="components.card">
      <metrics statements="3" coveredstatements="3" conditionals="1" coveredconditionals="1" methods="1" coveredmethods="1"/>
      <file name="index.tsx" path="/Users/fognir/GitHub/mindbox/src/components/card/index.tsx">
        <metrics statements="3" coveredstatements="3" conditionals="1" coveredconditionals="1" methods="1" coveredmethods="1"/>
        <line num="3" count="1" type="cond" truecount="1" falsecount="0"/>
        <line num="4" count="3" type="stmt"/>
        <line num="26" count="1" type="stmt"/>
      </file>
    </package>
    <package name="components.heading">
      <metrics statements="3" coveredstatements="3" conditionals="1" coveredconditionals="1" methods="1" coveredmethods="1"/>
      <file name="index.tsx" path="/Users/fognir/GitHub/mindbox/src/components/heading/index.tsx">
        <metrics statements="3" coveredstatements="3" conditionals="1" coveredconditionals="1" methods="1" coveredmethods="1"/>
        <line num="3" count="1" type="cond" truecount="1" falsecount="0"/>
        <line num="4" count="3" type="stmt"/>
        <line num="7" count="1" type="stmt"/>
      </file>
    </package>
    <package name="components.input">
      <metrics statements="3" coveredstatements="3" conditionals="2" coveredconditionals="2" methods="1" coveredmethods="1"/>
      <file name="index.tsx" path="/Users/fognir/GitHub/mindbox/src/components/input/index.tsx">
        <metrics statements="3" coveredstatements="3" conditionals="2" coveredconditionals="2" methods="1" coveredmethods="1"/>
        <line num="3" count="1" type="stmt"/>
        <line num="10" count="5" type="stmt"/>
        <line num="45" count="1" type="stmt"/>
      </file>
    </package>
    <package name="components.pagination">
      <metrics statements="17" coveredstatements="17" conditionals="12" coveredconditionals="12" methods="5" coveredmethods="5"/>
      <file name="index.tsx" path="/Users/fognir/GitHub/mindbox/src/components/pagination/index.tsx">
        <metrics statements="17" coveredstatements="17" conditionals="12" coveredconditionals="12" methods="5" coveredmethods="5"/>
        <line num="1" count="2" type="stmt"/>
        <line num="2" count="2" type="stmt"/>
        <line num="5" count="2" type="stmt"/>
        <line num="9" count="20" type="stmt"/>
        <line num="18" count="2" type="stmt"/>
        <line num="27" count="20" type="stmt"/>
        <line num="28" count="17" type="stmt"/>
        <line num="29" count="17" type="stmt"/>
        <line num="30" count="36" type="stmt"/>
        <line num="32" count="17" type="stmt"/>
        <line num="36" count="20" type="stmt"/>
        <line num="45" count="20" type="cond" truecount="3" falsecount="0"/>
        <line num="46" count="5" type="stmt"/>
        <line num="52" count="15" type="stmt"/>
        <line num="55" count="36" type="stmt"/>
        <line num="60" count="3" type="stmt"/>
        <line num="71" count="2" type="stmt"/>
      </file>
    </package>
    <package name="components.tabs">
      <metrics statements="16" coveredstatements="16" conditionals="11" coveredconditionals="11" methods="6" coveredmethods="6"/>
      <file name="index.tsx" path="/Users/fognir/GitHub/mindbox/src/components/tabs/index.tsx">
        <metrics statements="16" coveredstatements="16" conditionals="11" coveredconditionals="11" methods="6" coveredmethods="6"/>
        <line num="1" count="1" type="stmt"/>
        <line num="4" count="1" type="stmt"/>
        <line num="11" count="17" type="stmt"/>
        <line num="20" count="17" type="stmt"/>
        <line num="21" count="10" type="cond" truecount="1" falsecount="0"/>
        <line num="22" count="4" type="stmt"/>
        <line num="26" count="17" type="stmt"/>
        <line num="27" count="5" type="stmt"/>
        <line num="28" count="5" type="cond" truecount="1" falsecount="0"/>
        <line num="29" count="2" type="stmt"/>
        <line num="35" count="17" type="cond" truecount="2" falsecount="0"/>
        <line num="38" count="32" type="stmt"/>
        <line num="40" count="17" type="stmt"/>
        <line num="44" count="48" type="stmt"/>
        <line num="46" count="5" type="stmt"/>
        <line num="71" count="1" type="stmt"/>
      </file>
    </package>
    <package name="components.todo">
      <metrics statements="9" coveredstatements="9" conditionals="6" coveredconditionals="6" methods="4" coveredmethods="4"/>
      <file name="index.tsx" path="/Users/fognir/GitHub/mindbox/src/components/todo/index.tsx">
        <metrics statements="9" coveredstatements="9" conditionals="6" coveredconditionals="6" methods="4" coveredmethods="4"/>
        <line num="3" count="2" type="stmt"/>
        <line num="10" count="43" type="stmt"/>
        <line num="11" count="6" type="stmt"/>
        <line num="14" count="43" type="stmt"/>
        <line num="32" count="3" type="cond" truecount="3" falsecount="0"/>
        <line num="33" count="2" type="stmt"/>
        <line num="34" count="2" type="stmt"/>
        <line num="42" count="2" type="stmt"/>
        <line num="72" count="2" type="stmt"/>
      </file>
    </package>
    <package name="components.todo-container">
      <metrics statements="21" coveredstatements="21" conditionals="7" coveredconditionals="7" methods="8" coveredmethods="8"/>
      <file name="index.tsx" path="/Users/fognir/GitHub/mindbox/src/components/todo-container/index.tsx">
        <metrics statements="21" coveredstatements="21" conditionals="7" coveredconditionals="7" methods="8" coveredmethods="8"/>
        <line num="1" count="1" type="stmt"/>
        <line num="2" count="1" type="stmt"/>
        <line num="3" count="1" type="stmt"/>
        <line num="7" count="1" type="stmt"/>
        <line num="14" count="12" type="stmt"/>
        <line num="17" count="12" type="stmt"/>
        <line num="18" count="9" type="stmt"/>
        <line num="23" count="12" type="stmt"/>
        <line num="24" count="12" type="stmt"/>
        <line num="25" count="12" type="stmt"/>
        <line num="26" count="12" type="stmt"/>
        <line num="30" count="12" type="stmt"/>
        <line num="31" count="2" type="stmt"/>
        <line num="35" count="12" type="stmt"/>
        <line num="36" count="12" type="cond" truecount="3" falsecount="0"/>
        <line num="37" count="1" type="stmt"/>
        <line num="42" count="12" type="stmt"/>
        <line num="43" count="20" type="stmt"/>
        <line num="47" count="12" type="stmt"/>
        <line num="55" count="30" type="stmt"/>
        <line num="83" count="1" type="stmt"/>
      </file>
    </package>
    <package name="hooks.useInput">
      <metrics statements="14" coveredstatements="14" conditionals="7" coveredconditionals="7" methods="5" coveredmethods="5"/>
      <file name="index.ts" path="/Users/fognir/GitHub/mindbox/src/hooks/useInput/index.ts">
        <metrics statements="14" coveredstatements="14" conditionals="7" coveredconditionals="7" methods="5" coveredmethods="5"/>
        <line num="1" count="1" type="stmt"/>
        <line num="6" count="1" type="cond" truecount="1" falsecount="0"/>
        <line num="8" count="10" type="cond" truecount="1" falsecount="0"/>
        <line num="11" count="12" type="stmt"/>
        <line num="14" count="12" type="stmt"/>
        <line num="17" count="12" type="stmt"/>
        <line num="18" count="2" type="stmt"/>
        <line num="22" count="12" type="stmt"/>
        <line num="24" count="3" type="cond" truecount="4" falsecount="0"/>
        <line num="25" count="1" type="stmt"/>
        <line num="26" count="1" type="stmt"/>
        <line num="33" count="12" type="stmt"/>
        <line num="34" count="1" type="stmt"/>
        <line num="37" count="12" type="stmt"/>
      </file>
    </package>
    <package name="hooks.useTodos">
      <metrics statements="16" coveredstatements="16" conditionals="3" coveredconditionals="3" methods="11" coveredmethods="11"/>
      <file name="index.ts" path="/Users/fognir/GitHub/mindbox/src/hooks/useTodos/index.ts">
        <metrics statements="16" coveredstatements="16" conditionals="3" coveredconditionals="3" methods="11" coveredmethods="11"/>
        <line num="1" count="1" type="stmt"/>
        <line num="6" count="1" type="stmt"/>
        <line num="7" count="23" type="stmt"/>
        <line num="9" count="23" type="stmt"/>
        <line num="10" count="10" type="cond" truecount="1" falsecount="0"/>
        <line num="12" count="9" type="stmt"/>
        <line num="18" count="9" type="stmt"/>
        <line num="21" count="23" type="stmt"/>
        <line num="22" count="5" type="stmt"/>
        <line num="23" count="5" type="stmt"/>
        <line num="24" count="9" type="cond" truecount="2" falsecount="0"/>
        <line num="30" count="23" type="stmt"/>
        <line num="31" count="5" type="stmt"/>
        <line num="35" count="24" type="stmt"/>
        <line num="36" count="24" type="stmt"/>
        <line num="38" count="23" type="stmt"/>
      </file>
    </package>
  </project>
</coverage>
