{"/Users/fognir/GitHub/mindbox/src/components/button/index.tsx": {"path":"/Users/fognir/GitHub/mindbox/src/components/button/index.tsx","statementMap":{"0":{"start":{"line":3,"column":15},"end":{"line":48,"column":1}},"1":{"start":{"line":11,"column":50},"end":{"line":14,"column":4}},"2":{"start":{"line":17,"column":56},"end":{"line":21,"column":4}},"3":{"start":{"line":23,"column":2},"end":{"line":47,"column":4}},"4":{"start":{"line":50,"column":0},"end":{"line":50,"column":22}}},"fnMap":{"0":{"name":"(anonymous_0)","decl":{"start":{"line":3,"column":15},"end":{"line":3,"column":16}},"loc":{"start":{"line":9,"column":18},"end":{"line":48,"column":1}}}},"branchMap":{"0":{"loc":{"start":{"line":5,"column":2},"end":{"line":5,"column":13}},"type":"default-arg","locations":[{"start":{"line":5,"column":9},"end":{"line":5,"column":13}}]},"1":{"loc":{"start":{"line":6,"column":2},"end":{"line":6,"column":21}},"type":"default-arg","locations":[{"start":{"line":6,"column":12},"end":{"line":6,"column":21}}]},"2":{"loc":{"start":{"line":7,"column":2},"end":{"line":7,"column":16}},"type":"default-arg","locations":[{"start":{"line":7,"column":14},"end":{"line":7,"column":16}}]}},"s":{"0":3,"1":53,"2":53,"3":53,"4":3},"f":{"0":53},"b":{"0":[7],"1":[6],"2":[16]}}
,"/Users/fognir/GitHub/mindbox/src/components/card/index.tsx": {"path":"/Users/fognir/GitHub/mindbox/src/components/card/index.tsx","statementMap":{"0":{"start":{"line":3,"column":13},"end":{"line":24,"column":1}},"1":{"start":{"line":4,"column":2},"end":{"line":23,"column":4}},"2":{"start":{"line":26,"column":0},"end":{"line":26,"column":20}}},"fnMap":{"0":{"name":"(anonymous_0)","decl":{"start":{"line":3,"column":13},"end":{"line":3,"column":14}},"loc":{"start":{"line":3,"column":57},"end":{"line":24,"column":1}}}},"branchMap":{"0":{"loc":{"start":{"line":3,"column":26},"end":{"line":3,"column":40}},"type":"default-arg","locations":[{"start":{"line":3,"column":38},"end":{"line":3,"column":40}}]}},"s":{"0":1,"1":3,"2":1},"f":{"0":3},"b":{"0":[2]}}
,"/Users/fognir/GitHub/mindbox/src/components/heading/index.tsx": {"path":"/Users/fognir/GitHub/mindbox/src/components/heading/index.tsx","statementMap":{"0":{"start":{"line":3,"column":16},"end":{"line":5,"column":1}},"1":{"start":{"line":4,"column":2},"end":{"line":4,"column":94}},"2":{"start":{"line":7,"column":0},"end":{"line":7,"column":23}}},"fnMap":{"0":{"name":"(anonymous_0)","decl":{"start":{"line":3,"column":16},"end":{"line":3,"column":17}},"loc":{"start":{"line":3,"column":59},"end":{"line":5,"column":1}}}},"branchMap":{"0":{"loc":{"start":{"line":3,"column":25},"end":{"line":3,"column":39}},"type":"default-arg","locations":[{"start":{"line":3,"column":37},"end":{"line":3,"column":39}}]}},"s":{"0":1,"1":3,"2":1},"f":{"0":3},"b":{"0":[2]}}
,"/Users/fognir/GitHub/mindbox/src/components/input/index.tsx": {"path":"/Users/fognir/GitHub/mindbox/src/components/input/index.tsx","statementMap":{"0":{"start":{"line":3,"column":14},"end":{"line":43,"column":1}},"1":{"start":{"line":10,"column":2},"end":{"line":42,"column":4}},"2":{"start":{"line":45,"column":0},"end":{"line":45,"column":21}}},"fnMap":{"0":{"name":"(anonymous_0)","decl":{"start":{"line":3,"column":14},"end":{"line":3,"column":15}},"loc":{"start":{"line":9,"column":17},"end":{"line":43,"column":1}}}},"branchMap":{"0":{"loc":{"start":{"line":6,"column":2},"end":{"line":6,"column":16}},"type":"default-arg","locations":[{"start":{"line":6,"column":14},"end":{"line":6,"column":16}}]},"1":{"loc":{"start":{"line":7,"column":2},"end":{"line":7,"column":15}},"type":"default-arg","locations":[{"start":{"line":7,"column":9},"end":{"line":7,"column":15}}]}},"s":{"0":1,"1":5,"2":1},"f":{"0":5},"b":{"0":[4],"1":[4]}}
,"/Users/fognir/GitHub/mindbox/src/components/pagination/index.tsx": {"path":"/Users/fognir/GitHub/mindbox/src/components/pagination/index.tsx","statementMap":{"0":{"start":{"line":1,"column":0},"end":{"line":1,"column":32}},"1":{"start":{"line":2,"column":0},"end":{"line":2,"column":31}},"2":{"start":{"line":5,"column":28},"end":{"line":16,"column":1}},"3":{"start":{"line":9,"column":2},"end":{"line":15,"column":4}},"4":{"start":{"line":18,"column":19},"end":{"line":69,"column":1}},"5":{"start":{"line":27,"column":22},"end":{"line":33,"column":18}},"6":{"start":{"line":28,"column":18},"end":{"line":28,"column":20}},"7":{"start":{"line":29,"column":4},"end":{"line":31,"column":5}},"8":{"start":{"line":29,"column":17},"end":{"line":29,"column":18}},"9":{"start":{"line":30,"column":6},"end":{"line":30,"column":20}},"10":{"start":{"line":32,"column":4},"end":{"line":32,"column":17}},"11":{"start":{"line":36,"column":4},"end":{"line":41,"column":null}},"12":{"start":{"line":45,"column":2},"end":{"line":50,"column":6}},"13":{"start":{"line":46,"column":4},"end":{"line":50,"column":6}},"14":{"start":{"line":52,"column":2},"end":{"line":68,"column":4}},"15":{"start":{"line":55,"column":8},"end":{"line":56,"column":null}},"16":{"start":{"line":60,"column":25},"end":{"line":60,"column":43}},"17":{"start":{"line":71,"column":0},"end":{"line":71,"column":26}}},"fnMap":{"0":{"name":"(anonymous_1)","decl":{"start":{"line":5,"column":28},"end":{"line":5,"column":29}},"loc":{"start":{"line":8,"column":31},"end":{"line":16,"column":1}}},"1":{"name":"(anonymous_2)","decl":{"start":{"line":18,"column":19},"end":{"line":18,"column":20}},"loc":{"start":{"line":25,"column":22},"end":{"line":69,"column":1}}},"2":{"name":"(anonymous_3)","decl":{"start":{"line":27,"column":30},"end":{"line":27,"column":33}},"loc":{"start":{"line":27,"column":35},"end":{"line":33,"column":3}}},"3":{"name":"(anonymous_4)","decl":{"start":{"line":54,"column":23},"end":{"line":54,"column":24}},"loc":{"start":{"line":55,"column":8},"end":{"line":56,"column":null}}},"4":{"name":"(anonymous_5)","decl":{"start":{"line":60,"column":19},"end":{"line":60,"column":22}},"loc":{"start":{"line":60,"column":25},"end":{"line":60,"column":43}}}},"branchMap":{"0":{"loc":{"start":{"line":23,"column":2},"end":{"line":23,"column":27}},"type":"default-arg","locations":[{"start":{"line":23,"column":22},"end":{"line":23,"column":27}}]},"1":{"loc":{"start":{"line":24,"column":2},"end":{"line":24,"column":16}},"type":"default-arg","locations":[{"start":{"line":24,"column":14},"end":{"line":24,"column":16}}]},"2":{"loc":{"start":{"line":45,"column":2},"end":{"line":50,"column":6}},"type":"if","locations":[{"start":{"line":45,"column":2},"end":{"line":50,"column":6}}]},"3":{"loc":{"start":{"line":45,"column":6},"end":{"line":45,"column":42}},"type":"binary-expr","locations":[{"start":{"line":45,"column":6},"end":{"line":45,"column":21}},{"start":{"line":45,"column":25},"end":{"line":45,"column":42}}]},"4":{"loc":{"start":{"line":59,"column":19},"end":{"line":59,"column":65}},"type":"cond-expr","locations":[{"start":{"line":59,"column":42},"end":{"line":59,"column":51}},{"start":{"line":59,"column":54},"end":{"line":59,"column":65}}]},"5":{"loc":{"start":{"line":62,"column":24},"end":{"line":62,"column":65}},"type":"cond-expr","locations":[{"start":{"line":62,"column":47},"end":{"line":62,"column":53}},{"start":{"line":62,"column":56},"end":{"line":62,"column":65}}]},"6":{"loc":{"start":{"line":66,"column":7},"end":{"line":66,"column":61}},"type":"binary-expr","locations":[{"start":{"line":66,"column":7},"end":{"line":66,"column":24}},{"start":{"line":66,"column":28},"end":{"line":66,"column":45}},{"start":{"line":66,"column":49},"end":{"line":66,"column":61}}]}},"s":{"0":2,"1":2,"2":2,"3":20,"4":2,"5":20,"6":17,"7":17,"8":17,"9":36,"10":17,"11":20,"12":20,"13":5,"14":15,"15":36,"16":3,"17":2},"f":{"0":20,"1":20,"2":17,"3":36,"4":3},"b":{"0":[3],"1":[7],"2":[5],"3":[20,7],"4":[15,21],"5":[15,21],"6":[15,8,3]}}
,"/Users/fognir/GitHub/mindbox/src/components/tabs/index.tsx": {"path":"/Users/fognir/GitHub/mindbox/src/components/tabs/index.tsx","statementMap":{"0":{"start":{"line":1,"column":0},"end":{"line":1,"column":44}},"1":{"start":{"line":4,"column":13},"end":{"line":69,"column":1}},"2":{"start":{"line":11,"column":52},"end":{"line":16,"column":null}},"3":{"start":{"line":20,"column":2},"end":{"line":24,"column":26}},"4":{"start":{"line":21,"column":4},"end":{"line":23,"column":5}},"5":{"start":{"line":22,"column":6},"end":{"line":22,"column":46}},"6":{"start":{"line":26,"column":25},"end":{"line":31,"column":3}},"7":{"start":{"line":27,"column":4},"end":{"line":27,"column":32}},"8":{"start":{"line":28,"column":4},"end":{"line":30,"column":5}},"9":{"start":{"line":29,"column":6},"end":{"line":29,"column":25}},"10":{"start":{"line":35,"column":4},"end":{"line":35,"column":75}},"11":{"start":{"line":38,"column":24},"end":{"line":38,"column":73}},"12":{"start":{"line":38,"column":43},"end":{"line":38,"column":63}},"13":{"start":{"line":40,"column":2},"end":{"line":68,"column":4}},"14":{"start":{"line":44,"column":10},"end":{"line":45,"column":null}},"15":{"start":{"line":46,"column":27},"end":{"line":46,"column":49}},"16":{"start":{"line":71,"column":0},"end":{"line":71,"column":20}}},"fnMap":{"0":{"name":"(anonymous_0)","decl":{"start":{"line":4,"column":13},"end":{"line":4,"column":14}},"loc":{"start":{"line":9,"column":16},"end":{"line":69,"column":1}}},"1":{"name":"(anonymous_1)","decl":{"start":{"line":20,"column":12},"end":{"line":20,"column":15}},"loc":{"start":{"line":20,"column":17},"end":{"line":24,"column":3}}},"2":{"name":"(anonymous_2)","decl":{"start":{"line":26,"column":25},"end":{"line":26,"column":26}},"loc":{"start":{"line":26,"column":43},"end":{"line":31,"column":3}}},"3":{"name":"(anonymous_3)","decl":{"start":{"line":38,"column":34},"end":{"line":38,"column":35}},"loc":{"start":{"line":38,"column":43},"end":{"line":38,"column":63}}},"4":{"name":"(anonymous_4)","decl":{"start":{"line":43,"column":18},"end":{"line":43,"column":19}},"loc":{"start":{"line":44,"column":10},"end":{"line":45,"column":null}}},"5":{"name":"(anonymous_5)","decl":{"start":{"line":46,"column":21},"end":{"line":46,"column":24}},"loc":{"start":{"line":46,"column":27},"end":{"line":46,"column":49}}}},"branchMap":{"0":{"loc":{"start":{"line":8,"column":2},"end":{"line":8,"column":16}},"type":"default-arg","locations":[{"start":{"line":8,"column":14},"end":{"line":8,"column":16}}]},"1":{"loc":{"start":{"line":12,"column":4},"end":{"line":16,"column":10}},"type":"cond-expr","locations":[{"start":{"line":13,"column":8},"end":{"line":13,"column":25}},{"start":{"line":14,"column":8},"end":{"line":16,"column":10}}]},"2":{"loc":{"start":{"line":14,"column":8},"end":{"line":16,"column":10}},"type":"cond-expr","locations":[{"start":{"line":15,"column":8},"end":{"line":15,"column":18}},{"start":{"line":16,"column":8},"end":{"line":16,"column":10}}]},"3":{"loc":{"start":{"line":21,"column":4},"end":{"line":23,"column":5}},"type":"if","locations":[{"start":{"line":21,"column":4},"end":{"line":23,"column":5}}]},"4":{"loc":{"start":{"line":28,"column":4},"end":{"line":30,"column":5}},"type":"if","locations":[{"start":{"line":28,"column":4},"end":{"line":30,"column":5}}]},"5":{"loc":{"start":{"line":35,"column":4},"end":{"line":35,"column":75}},"type":"cond-expr","locations":[{"start":{"line":35,"column":38},"end":{"line":35,"column":55}},{"start":{"line":35,"column":58},"end":{"line":35,"column":75}}]},"6":{"loc":{"start":{"line":56,"column":16},"end":{"line":58,"column":null}},"type":"cond-expr","locations":[{"start":{"line":57,"column":20},"end":{"line":57,"column":81}},{"start":{"line":58,"column":20},"end":{"line":58,"column":null}}]}},"s":{"0":1,"1":1,"2":17,"3":17,"4":10,"5":4,"6":17,"7":5,"8":5,"9":2,"10":17,"11":17,"12":32,"13":17,"14":48,"15":5,"16":1},"f":{"0":17,"1":10,"2":5,"3":32,"4":48,"5":5},"b":{"0":[17],"1":[7,10],"2":[9,1],"3":[4],"4":[2],"5":[7,10],"6":[16,32]}}
,"/Users/fognir/GitHub/mindbox/src/components/todo/index.tsx": {"path":"/Users/fognir/GitHub/mindbox/src/components/todo/index.tsx","statementMap":{"0":{"start":{"line":3,"column":13},"end":{"line":70,"column":1}},"1":{"start":{"line":10,"column":23},"end":{"line":12,"column":3}},"2":{"start":{"line":11,"column":4},"end":{"line":11,"column":17}},"3":{"start":{"line":14,"column":2},"end":{"line":69,"column":4}},"4":{"start":{"line":32,"column":8},"end":{"line":35,"column":9}},"5":{"start":{"line":33,"column":10},"end":{"line":33,"column":29}},"6":{"start":{"line":34,"column":10},"end":{"line":34,"column":25}},"7":{"start":{"line":42,"column":24},"end":{"line":42,"column":43}},"8":{"start":{"line":72,"column":0},"end":{"line":72,"column":20}}},"fnMap":{"0":{"name":"(anonymous_0)","decl":{"start":{"line":3,"column":13},"end":{"line":3,"column":14}},"loc":{"start":{"line":9,"column":16},"end":{"line":70,"column":1}}},"1":{"name":"(anonymous_1)","decl":{"start":{"line":10,"column":23},"end":{"line":10,"column":26}},"loc":{"start":{"line":10,"column":28},"end":{"line":12,"column":3}}},"2":{"name":"(anonymous_2)","decl":{"start":{"line":31,"column":17},"end":{"line":31,"column":18}},"loc":{"start":{"line":31,"column":23},"end":{"line":36,"column":7}}},"3":{"name":"(anonymous_3)","decl":{"start":{"line":42,"column":17},"end":{"line":42,"column":18}},"loc":{"start":{"line":42,"column":24},"end":{"line":42,"column":43}}}},"branchMap":{"0":{"loc":{"start":{"line":8,"column":2},"end":{"line":8,"column":16}},"type":"default-arg","locations":[{"start":{"line":8,"column":14},"end":{"line":8,"column":16}}]},"1":{"loc":{"start":{"line":32,"column":8},"end":{"line":35,"column":9}},"type":"if","locations":[{"start":{"line":32,"column":8},"end":{"line":35,"column":9}}]},"2":{"loc":{"start":{"line":32,"column":12},"end":{"line":32,"column":46}},"type":"binary-expr","locations":[{"start":{"line":32,"column":12},"end":{"line":32,"column":29}},{"start":{"line":32,"column":33},"end":{"line":32,"column":46}}]},"3":{"loc":{"start":{"line":63,"column":10},"end":{"line":63,"column":74}},"type":"cond-expr","locations":[{"start":{"line":63,"column":22},"end":{"line":63,"column":69}},{"start":{"line":63,"column":72},"end":{"line":63,"column":74}}]}},"s":{"0":2,"1":43,"2":6,"3":43,"4":3,"5":2,"6":2,"7":2,"8":2},"f":{"0":43,"1":6,"2":3,"3":2},"b":{"0":[42],"1":[2],"2":[3,2],"3":[12,31]}}
,"/Users/fognir/GitHub/mindbox/src/components/todo-container/index.tsx": {"path":"/Users/fognir/GitHub/mindbox/src/components/todo-container/index.tsx","statementMap":{"0":{"start":{"line":1,"column":0},"end":{"line":1,"column":62}},"1":{"start":{"line":2,"column":0},"end":{"line":2,"column":27}},"2":{"start":{"line":3,"column":0},"end":{"line":3,"column":39}},"3":{"start":{"line":7,"column":22},"end":{"line":81,"column":1}},"4":{"start":{"line":14,"column":40},"end":{"line":14,"column":51}},"5":{"start":{"line":17,"column":21},"end":{"line":19,"column":null}},"6":{"start":{"line":18,"column":10},"end":{"line":18,"column":61}},"7":{"start":{"line":23,"column":23},"end":{"line":27,"column":40}},"8":{"start":{"line":24,"column":28},"end":{"line":24,"column":54}},"9":{"start":{"line":25,"column":29},"end":{"line":25,"column":59}},"10":{"start":{"line":26,"column":4},"end":{"line":26,"column":58}},"11":{"start":{"line":30,"column":27},"end":{"line":32,"column":8}},"12":{"start":{"line":31,"column":4},"end":{"line":31,"column":25}},"13":{"start":{"line":35,"column":2},"end":{"line":39,"column":46}},"14":{"start":{"line":36,"column":4},"end":{"line":38,"column":5}},"15":{"start":{"line":37,"column":6},"end":{"line":37,"column":24}},"16":{"start":{"line":42,"column":28},"end":{"line":44,"column":null}},"17":{"start":{"line":43,"column":10},"end":{"line":43,"column":46}},"18":{"start":{"line":43,"column":31},"end":{"line":43,"column":45}},"19":{"start":{"line":47,"column":2},"end":{"line":80,"column":4}},"20":{"start":{"line":55,"column":14},"end":{"line":56,"column":null}},"21":{"start":{"line":83,"column":0},"end":{"line":83,"column":29}}},"fnMap":{"0":{"name":"(anonymous_10)","decl":{"start":{"line":7,"column":22},"end":{"line":7,"column":23}},"loc":{"start":{"line":13,"column":25},"end":{"line":81,"column":1}}},"1":{"name":"(anonymous_11)","decl":{"start":{"line":18,"column":4},"end":{"line":18,"column":7}},"loc":{"start":{"line":18,"column":10},"end":{"line":18,"column":61}}},"2":{"name":"(anonymous_12)","decl":{"start":{"line":23,"column":31},"end":{"line":23,"column":34}},"loc":{"start":{"line":23,"column":36},"end":{"line":27,"column":3}}},"3":{"name":"(anonymous_13)","decl":{"start":{"line":30,"column":39},"end":{"line":30,"column":40}},"loc":{"start":{"line":30,"column":56},"end":{"line":32,"column":3}}},"4":{"name":"(anonymous_14)","decl":{"start":{"line":35,"column":18},"end":{"line":35,"column":21}},"loc":{"start":{"line":35,"column":23},"end":{"line":39,"column":3}}},"5":{"name":"(anonymous_15)","decl":{"start":{"line":43,"column":4},"end":{"line":43,"column":7}},"loc":{"start":{"line":43,"column":10},"end":{"line":43,"column":46}}},"6":{"name":"(anonymous_16)","decl":{"start":{"line":43,"column":21},"end":{"line":43,"column":22}},"loc":{"start":{"line":43,"column":31},"end":{"line":43,"column":45}}},"7":{"name":"(anonymous_17)","decl":{"start":{"line":54,"column":29},"end":{"line":54,"column":30}},"loc":{"start":{"line":55,"column":14},"end":{"line":56,"column":null}}}},"branchMap":{"0":{"loc":{"start":{"line":11,"column":2},"end":{"line":11,"column":18}},"type":"default-arg","locations":[{"start":{"line":11,"column":17},"end":{"line":11,"column":18}}]},"1":{"loc":{"start":{"line":12,"column":2},"end":{"line":12,"column":16}},"type":"default-arg","locations":[{"start":{"line":12,"column":14},"end":{"line":12,"column":16}}]},"2":{"loc":{"start":{"line":36,"column":4},"end":{"line":38,"column":5}},"type":"if","locations":[{"start":{"line":36,"column":4},"end":{"line":38,"column":5}}]},"3":{"loc":{"start":{"line":36,"column":8},"end":{"line":36,"column":50}},"type":"binary-expr","locations":[{"start":{"line":36,"column":8},"end":{"line":36,"column":32}},{"start":{"line":36,"column":36},"end":{"line":36,"column":50}}]},"4":{"loc":{"start":{"line":53,"column":11},"end":{"line":66,"column":null}},"type":"cond-expr","locations":[{"start":{"line":54,"column":12},"end":{"line":62,"column":14}},{"start":{"line":64,"column":12},"end":{"line":64,"column":null}}]}},"s":{"0":1,"1":1,"2":1,"3":1,"4":12,"5":12,"6":9,"7":12,"8":12,"9":12,"10":12,"11":12,"12":2,"13":12,"14":12,"15":1,"16":12,"17":9,"18":20,"19":12,"20":30,"21":1},"f":{"0":12,"1":9,"2":12,"3":2,"4":12,"5":9,"6":20,"7":30},"b":{"0":[3],"1":[12],"2":[1],"3":[12,1],"4":[10,2]}}
,"/Users/fognir/GitHub/mindbox/src/hooks/useInput/index.ts": {"path":"/Users/fognir/GitHub/mindbox/src/hooks/useInput/index.ts","statementMap":{"0":{"start":{"line":1,"column":0},"end":{"line":1,"column":74}},"1":{"start":{"line":6,"column":24},"end":{"line":45,"column":1}},"2":{"start":{"line":8,"column":33},"end":{"line":8,"column":52}},"3":{"start":{"line":11,"column":28},"end":{"line":11,"column":58}},"4":{"start":{"line":14,"column":18},"end":{"line":14,"column":34}},"5":{"start":{"line":17,"column":19},"end":{"line":19,"column":8}},"6":{"start":{"line":18,"column":4},"end":{"line":18,"column":29}},"7":{"start":{"line":22,"column":20},"end":{"line":29,"column":null}},"8":{"start":{"line":24,"column":6},"end":{"line":27,"column":7}},"9":{"start":{"line":25,"column":8},"end":{"line":25,"column":24}},"10":{"start":{"line":26,"column":8},"end":{"line":26,"column":21}},"11":{"start":{"line":33,"column":16},"end":{"line":35,"column":8}},"12":{"start":{"line":34,"column":4},"end":{"line":34,"column":17}},"13":{"start":{"line":37,"column":2},"end":{"line":44,"column":4}},"14":{"start":{"line":6,"column":13},"end":{"line":6,"column":24}}},"fnMap":{"0":{"name":"(anonymous_0)","decl":{"start":{"line":6,"column":24},"end":{"line":6,"column":25}},"loc":{"start":{"line":10,"column":43},"end":{"line":45,"column":1}}},"1":{"name":"(anonymous_1)","decl":{"start":{"line":8,"column":14},"end":{"line":8,"column":15}},"loc":{"start":{"line":8,"column":33},"end":{"line":8,"column":52}}},"2":{"name":"(anonymous_2)","decl":{"start":{"line":17,"column":31},"end":{"line":17,"column":32}},"loc":{"start":{"line":17,"column":68},"end":{"line":19,"column":3}}},"3":{"name":"(anonymous_3)","decl":{"start":{"line":23,"column":4},"end":{"line":23,"column":5}},"loc":{"start":{"line":23,"column":43},"end":{"line":28,"column":5}}},"4":{"name":"(anonymous_4)","decl":{"start":{"line":33,"column":28},"end":{"line":33,"column":31}},"loc":{"start":{"line":33,"column":33},"end":{"line":35,"column":3}}}},"branchMap":{"0":{"loc":{"start":{"line":6,"column":25},"end":{"line":10,"column":23}},"type":"default-arg","locations":[{"start":{"line":10,"column":21},"end":{"line":10,"column":23}}]},"1":{"loc":{"start":{"line":7,"column":2},"end":{"line":7,"column":19}},"type":"default-arg","locations":[{"start":{"line":7,"column":17},"end":{"line":7,"column":19}}]},"2":{"loc":{"start":{"line":8,"column":2},"end":{"line":8,"column":52}},"type":"default-arg","locations":[{"start":{"line":8,"column":14},"end":{"line":8,"column":52}}]},"3":{"loc":{"start":{"line":24,"column":6},"end":{"line":27,"column":7}},"type":"if","locations":[{"start":{"line":24,"column":6},"end":{"line":27,"column":7}}]},"4":{"loc":{"start":{"line":24,"column":10},"end":{"line":24,"column":50}},"type":"binary-expr","locations":[{"start":{"line":24,"column":10},"end":{"line":24,"column":27}},{"start":{"line":24,"column":31},"end":{"line":24,"column":38}},{"start":{"line":24,"column":42},"end":{"line":24,"column":50}}]}},"s":{"0":1,"1":1,"2":10,"3":12,"4":12,"5":12,"6":2,"7":12,"8":3,"9":1,"10":1,"11":12,"12":1,"13":12,"14":1},"f":{"0":12,"1":10,"2":2,"3":3,"4":1},"b":{"0":[3],"1":[3],"2":[10],"3":[1],"4":[3,2,1]}}
,"/Users/fognir/GitHub/mindbox/src/hooks/useTodos/index.ts": {"path":"/Users/fognir/GitHub/mindbox/src/hooks/useTodos/index.ts","statementMap":{"0":{"start":{"line":1,"column":0},"end":{"line":1,"column":46}},"1":{"start":{"line":6,"column":24},"end":{"line":46,"column":1}},"2":{"start":{"line":7,"column":28},"end":{"line":7,"column":52}},"3":{"start":{"line":9,"column":18},"end":{"line":19,"column":8}},"4":{"start":{"line":10,"column":4},"end":{"line":10,"column":36}},"5":{"start":{"line":10,"column":29},"end":{"line":10,"column":36}},"6":{"start":{"line":12,"column":30},"end":{"line":16,"column":6}},"7":{"start":{"line":18,"column":4},"end":{"line":18,"column":45}},"8":{"start":{"line":18,"column":24},"end":{"line":18,"column":43}},"9":{"start":{"line":21,"column":21},"end":{"line":27,"column":8}},"10":{"start":{"line":22,"column":4},"end":{"line":26,"column":6}},"11":{"start":{"line":23,"column":6},"end":{"line":24,"column":null}},"12":{"start":{"line":24,"column":8},"end":{"line":24,"column":71}},"13":{"start":{"line":30,"column":26},"end":{"line":32,"column":8}},"14":{"start":{"line":31,"column":4},"end":{"line":31,"column":65}},"15":{"start":{"line":31,"column":24},"end":{"line":31,"column":63}},"16":{"start":{"line":31,"column":47},"end":{"line":31,"column":62}},"17":{"start":{"line":35,"column":22},"end":{"line":35,"column":61}},"18":{"start":{"line":35,"column":45},"end":{"line":35,"column":60}},"19":{"start":{"line":36,"column":25},"end":{"line":36,"column":63}},"20":{"start":{"line":36,"column":48},"end":{"line":36,"column":62}},"21":{"start":{"line":38,"column":2},"end":{"line":45,"column":4}},"22":{"start":{"line":6,"column":13},"end":{"line":6,"column":24}}},"fnMap":{"0":{"name":"(anonymous_0)","decl":{"start":{"line":6,"column":24},"end":{"line":6,"column":43}},"loc":{"start":{"line":6,"column":45},"end":{"line":46,"column":1}}},"1":{"name":"(anonymous_1)","decl":{"start":{"line":9,"column":30},"end":{"line":9,"column":31}},"loc":{"start":{"line":9,"column":48},"end":{"line":19,"column":3}}},"2":{"name":"(anonymous_2)","decl":{"start":{"line":18,"column":13},"end":{"line":18,"column":14}},"loc":{"start":{"line":18,"column":24},"end":{"line":18,"column":43}}},"3":{"name":"(anonymous_3)","decl":{"start":{"line":21,"column":33},"end":{"line":21,"column":34}},"loc":{"start":{"line":21,"column":48},"end":{"line":27,"column":3}}},"4":{"name":"(anonymous_4)","decl":{"start":{"line":22,"column":13},"end":{"line":22,"column":14}},"loc":{"start":{"line":23,"column":6},"end":{"line":24,"column":null}}},"5":{"name":"(anonymous_5)","decl":{"start":{"line":23,"column":16},"end":{"line":23,"column":17}},"loc":{"start":{"line":24,"column":8},"end":{"line":24,"column":71}}},"6":{"name":"(anonymous_6)","decl":{"start":{"line":30,"column":38},"end":{"line":30,"column":41}},"loc":{"start":{"line":30,"column":43},"end":{"line":32,"column":3}}},"7":{"name":"(anonymous_7)","decl":{"start":{"line":31,"column":13},"end":{"line":31,"column":14}},"loc":{"start":{"line":31,"column":24},"end":{"line":31,"column":63}}},"8":{"name":"(anonymous_8)","decl":{"start":{"line":31,"column":37},"end":{"line":31,"column":38}},"loc":{"start":{"line":31,"column":47},"end":{"line":31,"column":62}}},"9":{"name":"(anonymous_9)","decl":{"start":{"line":35,"column":35},"end":{"line":35,"column":36}},"loc":{"start":{"line":35,"column":45},"end":{"line":35,"column":60}}},"10":{"name":"(anonymous_10)","decl":{"start":{"line":36,"column":38},"end":{"line":36,"column":39}},"loc":{"start":{"line":36,"column":48},"end":{"line":36,"column":62}}}},"branchMap":{"0":{"loc":{"start":{"line":10,"column":4},"end":{"line":10,"column":36}},"type":"if","locations":[{"start":{"line":10,"column":4},"end":{"line":10,"column":36}}]},"1":{"loc":{"start":{"line":24,"column":8},"end":{"line":24,"column":71}},"type":"cond-expr","locations":[{"start":{"line":24,"column":25},"end":{"line":24,"column":64}},{"start":{"line":24,"column":67},"end":{"line":24,"column":71}}]}},"s":{"0":1,"1":1,"2":23,"3":23,"4":10,"5":1,"6":9,"7":9,"8":9,"9":23,"10":5,"11":5,"12":9,"13":23,"14":2,"15":2,"16":5,"17":23,"18":24,"19":23,"20":24,"21":23,"22":1},"f":{"0":23,"1":10,"2":9,"3":5,"4":5,"5":9,"6":2,"7":2,"8":5,"9":24,"10":24},"b":{"0":[1],"1":[4,5]}}
}
