TN:
SF:src/components/button/index.tsx
FN:3,(anonymous_0)
FNF:1
FNH:1
FNDA:53,(anonymous_0)
DA:3,3
DA:11,53
DA:17,53
DA:23,53
DA:50,3
LF:5
LH:5
BRDA:5,0,0,7
BRDA:6,1,0,6
BRDA:7,2,0,16
BRF:3
BRH:3
end_of_record
TN:
SF:src/components/card/index.tsx
FN:3,(anonymous_0)
FNF:1
FNH:1
FNDA:3,(anonymous_0)
DA:3,1
DA:4,3
DA:26,1
LF:3
LH:3
BRDA:3,0,0,2
BRF:1
BRH:1
end_of_record
TN:
SF:src/components/heading/index.tsx
FN:3,(anonymous_0)
FNF:1
FNH:1
FNDA:3,(anonymous_0)
DA:3,1
DA:4,3
DA:7,1
LF:3
LH:3
BRDA:3,0,0,2
BRF:1
BRH:1
end_of_record
TN:
SF:src/components/input/index.tsx
FN:3,(anonymous_0)
FNF:1
FNH:1
FNDA:5,(anonymous_0)
DA:3,1
DA:10,5
DA:45,1
LF:3
LH:3
BRDA:6,0,0,4
BRDA:7,1,0,4
BRF:2
BRH:2
end_of_record
TN:
SF:src/components/pagination/index.tsx
FN:5,(anonymous_1)
FN:18,(anonymous_2)
FN:27,(anonymous_3)
FN:54,(anonymous_4)
FN:60,(anonymous_5)
FNF:5
FNH:5
FNDA:20,(anonymous_1)
FNDA:20,(anonymous_2)
FNDA:17,(anonymous_3)
FNDA:36,(anonymous_4)
FNDA:3,(anonymous_5)
DA:1,2
DA:2,2
DA:5,2
DA:9,20
DA:18,2
DA:27,20
DA:28,17
DA:29,17
DA:30,36
DA:32,17
DA:36,20
DA:45,20
DA:46,5
DA:52,15
DA:55,36
DA:60,3
DA:71,2
LF:17
LH:17
BRDA:23,0,0,3
BRDA:24,1,0,7
BRDA:45,2,0,5
BRDA:45,3,0,20
BRDA:45,3,1,7
BRDA:59,4,0,15
BRDA:59,4,1,21
BRDA:62,5,0,15
BRDA:62,5,1,21
BRDA:66,6,0,15
BRDA:66,6,1,8
BRDA:66,6,2,3
BRF:12
BRH:12
end_of_record
TN:
SF:src/components/tabs/index.tsx
FN:4,(anonymous_0)
FN:20,(anonymous_1)
FN:26,(anonymous_2)
FN:38,(anonymous_3)
FN:43,(anonymous_4)
FN:46,(anonymous_5)
FNF:6
FNH:6
FNDA:17,(anonymous_0)
FNDA:10,(anonymous_1)
FNDA:5,(anonymous_2)
FNDA:32,(anonymous_3)
FNDA:48,(anonymous_4)
FNDA:5,(anonymous_5)
DA:1,1
DA:4,1
DA:11,17
DA:20,17
DA:21,10
DA:22,4
DA:26,17
DA:27,5
DA:28,5
DA:29,2
DA:35,17
DA:38,32
DA:40,17
DA:44,48
DA:46,5
DA:71,1
LF:16
LH:16
BRDA:8,0,0,17
BRDA:12,1,0,7
BRDA:12,1,1,10
BRDA:14,2,0,9
BRDA:14,2,1,1
BRDA:21,3,0,4
BRDA:28,4,0,2
BRDA:35,5,0,7
BRDA:35,5,1,10
BRDA:56,6,0,16
BRDA:56,6,1,32
BRF:11
BRH:11
end_of_record
TN:
SF:src/components/todo/index.tsx
FN:3,(anonymous_0)
FN:10,(anonymous_1)
FN:31,(anonymous_2)
FN:42,(anonymous_3)
FNF:4
FNH:4
FNDA:43,(anonymous_0)
FNDA:6,(anonymous_1)
FNDA:3,(anonymous_2)
FNDA:2,(anonymous_3)
DA:3,2
DA:10,43
DA:11,6
DA:14,43
DA:32,3
DA:33,2
DA:34,2
DA:42,2
DA:72,2
LF:9
LH:9
BRDA:8,0,0,42
BRDA:32,1,0,2
BRDA:32,2,0,3
BRDA:32,2,1,2
BRDA:63,3,0,12
BRDA:63,3,1,31
BRF:6
BRH:6
end_of_record
TN:
SF:src/components/todo-container/index.tsx
FN:7,(anonymous_10)
FN:18,(anonymous_11)
FN:23,(anonymous_12)
FN:30,(anonymous_13)
FN:35,(anonymous_14)
FN:43,(anonymous_15)
FN:43,(anonymous_16)
FN:54,(anonymous_17)
FNF:8
FNH:8
FNDA:12,(anonymous_10)
FNDA:9,(anonymous_11)
FNDA:12,(anonymous_12)
FNDA:2,(anonymous_13)
FNDA:12,(anonymous_14)
FNDA:9,(anonymous_15)
FNDA:20,(anonymous_16)
FNDA:30,(anonymous_17)
DA:1,1
DA:2,1
DA:3,1
DA:7,1
DA:14,12
DA:17,12
DA:18,9
DA:23,12
DA:24,12
DA:25,12
DA:26,12
DA:30,12
DA:31,2
DA:35,12
DA:36,12
DA:37,1
DA:42,12
DA:43,20
DA:47,12
DA:55,30
DA:83,1
LF:21
LH:21
BRDA:11,0,0,3
BRDA:12,1,0,12
BRDA:36,2,0,1
BRDA:36,3,0,12
BRDA:36,3,1,1
BRDA:53,4,0,10
BRDA:53,4,1,2
BRF:7
BRH:7
end_of_record
TN:
SF:src/hooks/useInput/index.ts
FN:6,(anonymous_0)
FN:8,(anonymous_1)
FN:17,(anonymous_2)
FN:23,(anonymous_3)
FN:33,(anonymous_4)
FNF:5
FNH:5
FNDA:12,(anonymous_0)
FNDA:10,(anonymous_1)
FNDA:2,(anonymous_2)
FNDA:3,(anonymous_3)
FNDA:1,(anonymous_4)
DA:1,1
DA:6,1
DA:8,10
DA:11,12
DA:14,12
DA:17,12
DA:18,2
DA:22,12
DA:24,3
DA:25,1
DA:26,1
DA:33,12
DA:34,1
DA:37,12
LF:14
LH:14
BRDA:6,0,0,3
BRDA:7,1,0,3
BRDA:8,2,0,10
BRDA:24,3,0,1
BRDA:24,4,0,3
BRDA:24,4,1,2
BRDA:24,4,2,1
BRF:7
BRH:7
end_of_record
TN:
SF:src/hooks/useTodos/index.ts
FN:6,(anonymous_0)
FN:9,(anonymous_1)
FN:18,(anonymous_2)
FN:21,(anonymous_3)
FN:22,(anonymous_4)
FN:23,(anonymous_5)
FN:30,(anonymous_6)
FN:31,(anonymous_7)
FN:31,(anonymous_8)
FN:35,(anonymous_9)
FN:36,(anonymous_10)
FNF:11
FNH:11
FNDA:23,(anonymous_0)
FNDA:10,(anonymous_1)
FNDA:9,(anonymous_2)
FNDA:5,(anonymous_3)
FNDA:5,(anonymous_4)
FNDA:9,(anonymous_5)
FNDA:2,(anonymous_6)
FNDA:2,(anonymous_7)
FNDA:5,(anonymous_8)
FNDA:24,(anonymous_9)
FNDA:24,(anonymous_10)
DA:1,1
DA:6,1
DA:7,23
DA:9,23
DA:10,10
DA:12,9
DA:18,9
DA:21,23
DA:22,5
DA:23,5
DA:24,9
DA:30,23
DA:31,5
DA:35,24
DA:36,24
DA:38,23
LF:16
LH:16
BRDA:10,0,0,1
BRDA:24,1,0,4
BRDA:24,1,1,5
BRF:3
BRH:3
end_of_record
